 
****************************************
Report : area
Design : JAM
Version: Q-2019.12
Date   : Wed Mar 30 08:50:43 2022
****************************************

Library(s) Used:

    slow (File: /cad/CBDK/CBDK_IC_Contest_v2.5/SynopsysDC/db/slow.db)

Number of ports:                           30
Number of nets:                          2403
Number of cells:                         2296
Number of combinational cells:           1772
Number of sequential cells:               524
Number of macros/black boxes:               0
Number of buf/inv:                        273
Number of references:                      96

Combinational area:              16503.819958
Buf/Inv area:                     1804.336188
Noncombinational area:           16962.117674
Macro/Black Box area:                0.000000
Net Interconnect area:          331381.684235

Total cell area:                 33465.937632
Total area:                     364847.621867
1
